<?xml version="1.0" encoding="UTF-8" ?>
<testsuite tests="14" failures="0" name="com.mios.ws.dao.UserDaoTest" time="1.112" errors="0" skipped="0">
  <properties>
    <property name="java.runtime.name" value="Java(TM) SE Runtime Environment"/>
    <property name="sun.boot.library.path" value="D:\Program Files\Java\jdk1.8.0_101\jre\bin"/>
    <property name="java.vm.version" value="25.101-b13"/>
    <property name="java.vm.vendor" value="Oracle Corporation"/>
    <property name="maven.multiModuleProjectDirectory" value="E:\myworkspace\mioms"/>
    <property name="java.vendor.url" value="http://java.oracle.com/"/>
    <property name="path.separator" value=";"/>
    <property name="guice.disable.misplaced.annotation.check" value="true"/>
    <property name="java.vm.name" value="Java HotSpot(TM) 64-Bit Server VM"/>
    <property name="file.encoding.pkg" value="sun.io"/>
    <property name="user.script" value=""/>
    <property name="user.country" value="CN"/>
    <property name="sun.java.launcher" value="SUN_STANDARD"/>
    <property name="sun.os.patch.level" value=""/>
    <property name="java.vm.specification.name" value="Java Virtual Machine Specification"/>
    <property name="user.dir" value="E:\myworkspace\mioms"/>
    <property name="java.runtime.version" value="1.8.0_101-b13"/>
    <property name="java.awt.graphicsenv" value="sun.awt.Win32GraphicsEnvironment"/>
    <property name="java.endorsed.dirs" value="D:\Program Files\Java\jdk1.8.0_101\jre\lib\endorsed"/>
    <property name="os.arch" value="amd64"/>
    <property name="java.io.tmpdir" value="C:\Users\admin\AppData\Local\Temp\"/>
    <property name="line.separator" value="
"/>
    <property name="java.vm.specification.vendor" value="Oracle Corporation"/>
    <property name="user.variant" value=""/>
    <property name="os.name" value="Windows 10"/>
    <property name="classworlds.conf" value="E:\myworkspace\.metadata\.plugins\org.eclipse.m2e.launching\launches\m2conf3408725800841534914.tmp"/>
    <property name="sun.jnu.encoding" value="GBK"/>
    <property name="java.library.path" value="D:\Program Files\Java\jdk1.8.0_101\bin;C:\WINDOWS\Sun\Java\bin;C:\WINDOWS\system32;C:\WINDOWS;D:/Program Files/Java/jdk1.8.0_101/bin/../jre/bin/server;D:/Program Files/Java/jdk1.8.0_101/bin/../jre/bin;D:/Program Files/Java/jdk1.8.0_101/bin/../jre/lib/amd64;C:\Program Files\Docker\Docker\Resources\bin;D:\Program Files\Java\jdk1.8.0_101/bin;D:\Program Files\Java\jdk1.8.0_101/jre/bin;C:\ProgramData\Oracle\Java\javapath;C:\Program Files (x86)\Intel\iCLS Client\;C:\Program Files\Intel\iCLS Client\;C:\WINDOWS\system32;C:\WINDOWS;C:\WINDOWS\System32\Wbem;C:\WINDOWS\System32\WindowsPowerShell\v1.0\;C:\Users\admin\AppData\Local\Android\sdk\platform-tools;C:\Users\admin\AppData\Local\Android\sdk\tools;C:\Program Files (x86)\Intel\Intel(R) Management Engine Components\DAL;C:\Program Files\Intel\Intel(R) Management Engine Components\DAL;C:\Program Files (x86)\Intel\Intel(R) Management Engine Components\IPT;C:\Program Files\Intel\Intel(R) Management Engine Components\IPT;D:\apache\apache-maven-3.3.9\bin;D:\Program Files\TortoiseSVN\bin;D:\Program Files\TortoiseGit\bin;D:\scala\scala\bin;D:\Program Files\nodejs\;D:\Program Files\Git\cmd;D:\Program Files\python;D:\Program Files\python\Scripts;D:\Program Files\Python\Python36-32\Scripts\;D:\Program Files\Python\Python36-32\;D:\Program Files\Ruby23-x64\bin;C:\Users\admin\AppData\Local\Microsoft\WindowsApps;C:\Users\admin\AppData\Roaming\npm;D:\eclipse\sts-bundle\sts-3.8.1.RELEASE;;."/>
    <property name="java.specification.name" value="Java Platform API Specification"/>
    <property name="java.class.version" value="52.0"/>
    <property name="sun.management.compiler" value="HotSpot 64-Bit Tiered Compilers"/>
    <property name="os.version" value="10.0"/>
    <property name="user.home" value="C:\Users\admin"/>
    <property name="user.timezone" value="Asia/Shanghai"/>
    <property name="java.awt.printerjob" value="sun.awt.windows.WPrinterJob"/>
    <property name="java.specification.version" value="1.8"/>
    <property name="file.encoding" value="GBK"/>
    <property name="user.name" value="admin"/>
    <property name="java.class.path" value="/D:/eclipse/sts-bundle/sts-3.8.1.RELEASE/plugins/org.eclipse.m2e.maven.runtime_1.7.0.20160603-1931/jars/plexus-classworlds-2.5.2.jar"/>
    <property name="java.vm.specification.version" value="1.8"/>
    <property name="sun.arch.data.model" value="64"/>
    <property name="java.home" value="D:\Program Files\Java\jdk1.8.0_101\jre"/>
    <property name="sun.java.command" value="org.codehaus.plexus.classworlds.launcher.Launcher -B -s D:\apache\apache-maven-3.3.9\conf\settings.xml install"/>
    <property name="java.specification.vendor" value="Oracle Corporation"/>
    <property name="user.language" value="zh"/>
    <property name="awt.toolkit" value="sun.awt.windows.WToolkit"/>
    <property name="java.vm.info" value="mixed mode"/>
    <property name="java.version" value="1.8.0_101"/>
    <property name="java.ext.dirs" value="D:\Program Files\Java\jdk1.8.0_101\jre\lib\ext;C:\WINDOWS\Sun\Java\lib\ext"/>
    <property name="sun.boot.class.path" value="D:\Program Files\Java\jdk1.8.0_101\jre\lib\resources.jar;D:\Program Files\Java\jdk1.8.0_101\jre\lib\rt.jar;D:\Program Files\Java\jdk1.8.0_101\jre\lib\sunrsasign.jar;D:\Program Files\Java\jdk1.8.0_101\jre\lib\jsse.jar;D:\Program Files\Java\jdk1.8.0_101\jre\lib\jce.jar;D:\Program Files\Java\jdk1.8.0_101\jre\lib\charsets.jar;D:\Program Files\Java\jdk1.8.0_101\jre\lib\jfr.jar;D:\Program Files\Java\jdk1.8.0_101\jre\classes"/>
    <property name="java.vendor" value="Oracle Corporation"/>
    <property name="maven.home" value="E:\myworkspace\mioms\EMBEDDED"/>
    <property name="file.separator" value="\"/>
    <property name="java.vendor.url.bug" value="http://bugreport.sun.com/bugreport/"/>
    <property name="sun.cpu.endian" value="little"/>
    <property name="sun.io.unicode.encoding" value="UnicodeLittle"/>
    <property name="sun.desktop" value="windows"/>
    <property name="sun.cpu.isalist" value="amd64"/>
  </properties>
  <testcase classname="com.mios.ws.dao.UserDaoTest" name="testSaveList" time="0.265"/>
  <testcase classname="com.mios.ws.dao.UserDaoTest" name="testFindAll" time="0.078"/>
  <testcase classname="com.mios.ws.dao.UserDaoTest" name="testSave" time="0.058"/>
  <testcase classname="com.mios.ws.dao.UserDaoTest" name="testFindUniqueByProperty" time="0.067"/>
  <testcase classname="com.mios.ws.dao.UserDaoTest" name="testFindForPageByHql" time="0.1"/>
  <testcase classname="com.mios.ws.dao.UserDaoTest" name="testFindUniqueByHql" time="0.059"/>
  <testcase classname="com.mios.ws.dao.UserDaoTest" name="testFindByProperty" time="0.057"/>
  <testcase classname="com.mios.ws.dao.UserDaoTest" name="testUpdate2" time="0.069"/>
  <testcase classname="com.mios.ws.dao.UserDaoTest" name="testFindById" time="0.055"/>
  <testcase classname="com.mios.ws.dao.UserDaoTest" name="testDeleteById" time="0.067"/>
  <testcase classname="com.mios.ws.dao.UserDaoTest" name="testFindByHql" time="0.058"/>
  <testcase classname="com.mios.ws.dao.UserDaoTest" name="testFindForListByHql" time="0.067"/>
  <testcase classname="com.mios.ws.dao.UserDaoTest" name="testUpdate" time="0.052"/>
  <testcase classname="com.mios.ws.dao.UserDaoTest" name="testSaveOrUpdate" time="0.06"/>
</testsuite>